<?xml version="1.0" encoding="UTF-8"?>
<testsuite name="courseka.at.CoursekaIT" time="1.192" tests="344" errors="0" skipped="0" failures="0">
  <properties>
[...]
</properties>
  <testcase name="BeforeStories" classname="java.lang.Object" time="0.031"/>
  <testcase name="Given &lt;trainer&gt; is qualified to give multiple courses" classname="courseka.at.TrainerReoccurrencesSteps" time="0.05"/>
  <testcase name="And it is &lt;month&gt;" classname="courseka.at.TrainerReoccurrencesSteps" time="0"/>
  <testcase name="When &lt;trainer&gt; gave &lt;numberOfClasses&gt; classes this month" classname="courseka.at.TrainerReoccurrencesSteps" time="0"/>
  <testcase name="Then &lt;trainer&gt; can still give &lt;numberOfClassesLeft&gt; classes this month" classname="courseka.at.TrainerReoccurrencesSteps" time="0"/>
  <testcase name="Given &lt;trainer&gt; is qualified to give multiple courses​" classname="courseka.at.TrainerReoccurrencesSteps" time="0"/>
  <testcase name="And it is &lt;month&gt;​" classname="courseka.at.TrainerReoccurrencesSteps" time="0.015"/>
  <testcase name="When &lt;trainer&gt; gave &lt;numberOfClasses&gt; classes this month​" classname="courseka.at.TrainerReoccurrencesSteps" time="0"/>
  <testcase name="Then &lt;trainer&gt; can still give &lt;numberOfClassesLeft&gt; classes this month​" classname="courseka.at.TrainerReoccurrencesSteps" time="0"/>
  <testcase name="Given &lt;trainer&gt; is qualified to give multiple courses​​" classname="courseka.at.TrainerReoccurrencesSteps" time="0"/>
  <testcase name="And it is &lt;month&gt;​​" classname="courseka.at.TrainerReoccurrencesSteps" time="0"/>
  <testcase name="When &lt;trainer&gt; gave &lt;numberOfClasses&gt; classes this month​​" classname="courseka.at.TrainerReoccurrencesSteps" time="0"/>
  <testcase name="Then &lt;trainer&gt; can still give &lt;numberOfClassesLeft&gt; classes this month​​" classname="courseka.at.TrainerReoccurrencesSteps" time="0"/>
  <testcase name="Given &lt;trainer&gt; is qualified to give multiple courses​​​" classname="courseka.at.TrainerReoccurrencesSteps" time="0"/>
  <testcase name="And it is &lt;month&gt;​​​" classname="courseka.at.TrainerReoccurrencesSteps" time="0"/>
  <testcase name="When &lt;trainer&gt; gave &lt;numberOfClasses&gt; classes this month​​​" classname="courseka.at.TrainerReoccurrencesSteps" time="0"/>
  <testcase name="Then &lt;trainer&gt; can still give &lt;numberOfClassesLeft&gt; classes this month​​​" classname="courseka.at.TrainerReoccurrencesSteps" time="0"/>
  <testcase name="Given &lt;trainer&gt; is qualified to give multiple courses​​​​" classname="courseka.at.TrainerReoccurrencesSteps" time="0"/>
  <testcase name="And it is &lt;month&gt;​​​​" classname="courseka.at.TrainerReoccurrencesSteps" time="0"/>
  <testcase name="When &lt;trainer&gt; gave &lt;numberOfClasses&gt; classes this month​​​​" classname="courseka.at.TrainerReoccurrencesSteps" time="0"/>
  <testcase name="Then &lt;trainer&gt; can still give &lt;numberOfClassesLeft&gt; classes this month​​​​" classname="courseka.at.TrainerReoccurrencesSteps" time="0"/>
  <testcase name="Scenario: normal month" classname="Scenario: normal month" time="0.016"/>
  <testcase name="Given &lt;trainer&gt; is qualified to give multiple courses​​​​​" classname="courseka.at.TrainerReoccurrencesSteps" time="0"/>
  <testcase name="And it is &lt;month&gt;​​​​​" classname="courseka.at.TrainerReoccurrencesSteps" time="0"/>
  <testcase name="When &lt;trainer&gt; gave &lt;numberOfClasses&gt; classes this month​​​​​" classname="courseka.at.TrainerReoccurrencesSteps" time="0"/>
  <testcase name="Then &lt;trainer&gt; can still give &lt;numberOfClassesLeft&gt; classes this month​​​​​" classname="courseka.at.TrainerReoccurrencesSteps" time="0.016"/>
  <testcase name="Given &lt;trainer&gt; is qualified to give multiple courses​​​​​​" classname="courseka.at.TrainerReoccurrencesSteps" time="0"/>
  <testcase name="And it is &lt;month&gt;​​​​​​" classname="courseka.at.TrainerReoccurrencesSteps" time="0"/>
  <testcase name="When &lt;trainer&gt; gave &lt;numberOfClasses&gt; classes this month​​​​​​" classname="courseka.at.TrainerReoccurrencesSteps" time="0"/>
  <testcase name="Then &lt;trainer&gt; can still give &lt;numberOfClassesLeft&gt; classes this month​​​​​​" classname="courseka.at.TrainerReoccurrencesSteps" time="0"/>
  <testcase name="Given &lt;trainer&gt; is qualified to give multiple courses​​​​​​​" classname="courseka.at.TrainerReoccurrencesSteps" time="0"/>
  <testcase name="And it is &lt;month&gt;​​​​​​​" classname="courseka.at.TrainerReoccurrencesSteps" time="0"/>
  <testcase name="When &lt;trainer&gt; gave &lt;numberOfClasses&gt; classes this month​​​​​​​" classname="courseka.at.TrainerReoccurrencesSteps" time="0"/>
  <testcase name="Then &lt;trainer&gt; can still give &lt;numberOfClassesLeft&gt; classes this month​​​​​​​" classname="courseka.at.TrainerReoccurrencesSteps" time="0"/>
  <testcase name="Given &lt;trainer&gt; is qualified to give multiple courses​​​​​​​​" classname="courseka.at.TrainerReoccurrencesSteps" time="0"/>
  <testcase name="And it is &lt;month&gt;​​​​​​​​" classname="courseka.at.TrainerReoccurrencesSteps" time="0"/>
  <testcase name="When &lt;trainer&gt; gave &lt;numberOfClasses&gt; classes this month​​​​​​​​" classname="courseka.at.TrainerReoccurrencesSteps" time="0"/>
  <testcase name="Then &lt;trainer&gt; can still give &lt;numberOfClassesLeft&gt; classes this month​​​​​​​​" classname="courseka.at.TrainerReoccurrencesSteps" time="0"/>
  <testcase name="Given &lt;trainer&gt; is qualified to give multiple courses​​​​​​​​​" classname="courseka.at.TrainerReoccurrencesSteps" time="0"/>
  <testcase name="And it is &lt;month&gt;​​​​​​​​​" classname="courseka.at.TrainerReoccurrencesSteps" time="0"/>
  <testcase name="When &lt;trainer&gt; gave &lt;numberOfClasses&gt; classes this month​​​​​​​​​" classname="courseka.at.TrainerReoccurrencesSteps" time="0"/>
  <testcase name="Then &lt;trainer&gt; can still give &lt;numberOfClassesLeft&gt; classes this month​​​​​​​​​" classname="courseka.at.TrainerReoccurrencesSteps" time="0"/>
  <testcase name="Scenario: february" classname="Scenario: february" time="0.016"/>
  <testcase name="Given &lt;trainer&gt; is qualified to give multiple courses​​​​​​​​​​" classname="courseka.at.TrainerReoccurrencesSteps" time="0.015"/>
  <testcase name="When the course duration is &lt;course_duration_in_days&gt;" classname="courseka.at.TrainerReoccurrencesSteps" time="0"/>
  <testcase name="And &lt;trainer&gt; gave &lt;numberOfClasses&gt; classes this month" classname="courseka.at.TrainerReoccurrencesSteps" time="0"/>
  <testcase name="Then &lt;trainer&gt; can still give &lt;numberOfClassesLeft&gt; classes this month​​​​​​​​​​" classname="courseka.at.TrainerReoccurrencesSteps" time="0"/>
  <testcase name="Given &lt;trainer&gt; is qualified to give multiple courses​​​​​​​​​​​" classname="courseka.at.TrainerReoccurrencesSteps" time="0.015"/>
  <testcase name="When the course duration is &lt;course_duration_in_days&gt;​" classname="courseka.at.TrainerReoccurrencesSteps" time="0"/>
  <testcase name="And &lt;trainer&gt; gave &lt;numberOfClasses&gt; classes this month​" classname="courseka.at.TrainerReoccurrencesSteps" time="0"/>
  <testcase name="Then &lt;trainer&gt; can still give &lt;numberOfClassesLeft&gt; classes this month​​​​​​​​​​​" classname="courseka.at.TrainerReoccurrencesSteps" time="0"/>
  <testcase name="Given &lt;trainer&gt; is qualified to give multiple courses​​​​​​​​​​​​" classname="courseka.at.TrainerReoccurrencesSteps" time="0.016"/>
  <testcase name="When the course duration is &lt;course_duration_in_days&gt;​​" classname="courseka.at.TrainerReoccurrencesSteps" time="0"/>
  <testcase name="And &lt;trainer&gt; gave &lt;numberOfClasses&gt; classes this month​​" classname="courseka.at.TrainerReoccurrencesSteps" time="0"/>
  <testcase name="Then &lt;trainer&gt; can still give &lt;numberOfClassesLeft&gt; classes this month​​​​​​​​​​​​" classname="courseka.at.TrainerReoccurrencesSteps" time="0"/>
  <testcase name="Given &lt;trainer&gt; is qualified to give multiple courses​​​​​​​​​​​​​" classname="courseka.at.TrainerReoccurrencesSteps" time="0"/>
  <testcase name="When the course duration is &lt;course_duration_in_days&gt;​​​" classname="courseka.at.TrainerReoccurrencesSteps" time="0"/>
  <testcase name="And &lt;trainer&gt; gave &lt;numberOfClasses&gt; classes this month​​​" classname="courseka.at.TrainerReoccurrencesSteps" time="0"/>
  <testcase name="Then &lt;trainer&gt; can still give &lt;numberOfClassesLeft&gt; classes this month​​​​​​​​​​​​​" classname="courseka.at.TrainerReoccurrencesSteps" time="0"/>
  <testcase name="Given &lt;trainer&gt; is qualified to give multiple courses​​​​​​​​​​​​​​" classname="courseka.at.TrainerReoccurrencesSteps" time="0"/>
  <testcase name="When the course duration is &lt;course_duration_in_days&gt;​​​​" classname="courseka.at.TrainerReoccurrencesSteps" time="0"/>
  <testcase name="And &lt;trainer&gt; gave &lt;numberOfClasses&gt; classes this month​​​​" classname="courseka.at.TrainerReoccurrencesSteps" time="0"/>
  <testcase name="Then &lt;trainer&gt; can still give &lt;numberOfClassesLeft&gt; classes this month​​​​​​​​​​​​​​" classname="courseka.at.TrainerReoccurrencesSteps" time="0"/>
  <testcase name="Scenario: the duration of a course influences the amount of courses one trainer can give in one month" classname="Scenario: the duration of a course influences the amount of courses one trainer can give in one month" time="0.016"/>
  <testcase name="Given &lt;trainer&gt; is qualified to give multiple courses​​​​​​​​​​​​​​​" classname="courseka.at.TrainerReoccurrencesSteps" time="0.031"/>
  <testcase name="When the trainer had &lt;holidays&gt; holidays this month" classname="courseka.at.TrainerReoccurrencesSteps" time="0"/>
  <testcase name="And the course duration is &lt;course_duration_in_days&gt;" classname="courseka.at.TrainerReoccurrencesSteps" time="0.018"/>
  <testcase name="And &lt;trainer&gt; gave &lt;numberOfClasses&gt; classes this month​​​​​" classname="courseka.at.TrainerReoccurrencesSteps" time="0.004"/>
  <testcase name="Then &lt;trainer&gt; can still give &lt;numberOfClassesLeft&gt; classes this month​​​​​​​​​​​​​​​" classname="courseka.at.TrainerReoccurrencesSteps" time="0.008"/>
  <testcase name="Given &lt;trainer&gt; is qualified to give multiple courses​​​​​​​​​​​​​​​​" classname="courseka.at.TrainerReoccurrencesSteps" time="0.012"/>
  <testcase name="When the trainer had &lt;holidays&gt; holidays this month​" classname="courseka.at.TrainerReoccurrencesSteps" time="0"/>
  <testcase name="And the course duration is &lt;course_duration_in_days&gt;​" classname="courseka.at.TrainerReoccurrencesSteps" time="0.004"/>
  <testcase name="And &lt;trainer&gt; gave &lt;numberOfClasses&gt; classes this month​​​​​​" classname="courseka.at.TrainerReoccurrencesSteps" time="0"/>
  <testcase name="Then &lt;trainer&gt; can still give &lt;numberOfClassesLeft&gt; classes this month​​​​​​​​​​​​​​​​" classname="courseka.at.TrainerReoccurrencesSteps" time="0"/>
  <testcase name="Given &lt;trainer&gt; is qualified to give multiple courses​​​​​​​​​​​​​​​​​" classname="courseka.at.TrainerReoccurrencesSteps" time="0.015"/>
  <testcase name="When the trainer had &lt;holidays&gt; holidays this month​​" classname="courseka.at.TrainerReoccurrencesSteps" time="0"/>
  <testcase name="And the course duration is &lt;course_duration_in_days&gt;​​" classname="courseka.at.TrainerReoccurrencesSteps" time="0.016"/>
  <testcase name="And &lt;trainer&gt; gave &lt;numberOfClasses&gt; classes this month​​​​​​​" classname="courseka.at.TrainerReoccurrencesSteps" time="0"/>
  <testcase name="Then &lt;trainer&gt; can still give &lt;numberOfClassesLeft&gt; classes this month​​​​​​​​​​​​​​​​​" classname="courseka.at.TrainerReoccurrencesSteps" time="0"/>
  <testcase name="Given &lt;trainer&gt; is qualified to give multiple courses​​​​​​​​​​​​​​​​​​" classname="courseka.at.TrainerReoccurrencesSteps" time="0"/>
  <testcase name="When the trainer had &lt;holidays&gt; holidays this month​​​" classname="courseka.at.TrainerReoccurrencesSteps" time="0"/>
  <testcase name="And the course duration is &lt;course_duration_in_days&gt;​​​" classname="courseka.at.TrainerReoccurrencesSteps" time="0"/>
  <testcase name="And &lt;trainer&gt; gave &lt;numberOfClasses&gt; classes this month​​​​​​​​" classname="courseka.at.TrainerReoccurrencesSteps" time="0"/>
  <testcase name="Then &lt;trainer&gt; can still give &lt;numberOfClassesLeft&gt; classes this month​​​​​​​​​​​​​​​​​​" classname="courseka.at.TrainerReoccurrencesSteps" time="0"/>
  <testcase name="Given &lt;trainer&gt; is qualified to give multiple courses​​​​​​​​​​​​​​​​​​​" classname="courseka.at.TrainerReoccurrencesSteps" time="0"/>
  <testcase name="When the trainer had &lt;holidays&gt; holidays this month​​​​" classname="courseka.at.TrainerReoccurrencesSteps" time="0"/>
  <testcase name="And the course duration is &lt;course_duration_in_days&gt;​​​​" classname="courseka.at.TrainerReoccurrencesSteps" time="0"/>
  <testcase name="And &lt;trainer&gt; gave &lt;numberOfClasses&gt; classes this month​​​​​​​​​" classname="courseka.at.TrainerReoccurrencesSteps" time="0"/>
  <testcase name="Then &lt;trainer&gt; can still give &lt;numberOfClassesLeft&gt; classes this month​​​​​​​​​​​​​​​​​​​" classname="courseka.at.TrainerReoccurrencesSteps" time="0"/>
  <testcase name="Given &lt;trainer&gt; is qualified to give multiple courses​​​​​​​​​​​​​​​​​​​​" classname="courseka.at.TrainerReoccurrencesSteps" time="0.016"/>
  <testcase name="When the trainer had &lt;holidays&gt; holidays this month​​​​​" classname="courseka.at.TrainerReoccurrencesSteps" time="0.015"/>
  <testcase name="And the course duration is &lt;course_duration_in_days&gt;​​​​​" classname="courseka.at.TrainerReoccurrencesSteps" time="0"/>
  <testcase name="And &lt;trainer&gt; gave &lt;numberOfClasses&gt; classes this month​​​​​​​​​​" classname="courseka.at.TrainerReoccurrencesSteps" time="0"/>
  <testcase name="Then &lt;trainer&gt; can still give &lt;numberOfClassesLeft&gt; classes this month​​​​​​​​​​​​​​​​​​​​" classname="courseka.at.TrainerReoccurrencesSteps" time="0"/>
  <testcase name="Given &lt;trainer&gt; is qualified to give multiple courses​​​​​​​​​​​​​​​​​​​​​" classname="courseka.at.TrainerReoccurrencesSteps" time="0"/>
  <testcase name="When the trainer had &lt;holidays&gt; holidays this month​​​​​​" classname="courseka.at.TrainerReoccurrencesSteps" time="0.016"/>
  <testcase name="And the course duration is &lt;course_duration_in_days&gt;​​​​​​" classname="courseka.at.TrainerReoccurrencesSteps" time="0"/>
  <testcase name="And &lt;trainer&gt; gave &lt;numberOfClasses&gt; classes this month​​​​​​​​​​​" classname="courseka.at.TrainerReoccurrencesSteps" time="0"/>
  <testcase name="Then &lt;trainer&gt; can still give &lt;numberOfClassesLeft&gt; classes this month​​​​​​​​​​​​​​​​​​​​​" classname="courseka.at.TrainerReoccurrencesSteps" time="0"/>
  <testcase name="Given &lt;trainer&gt; is qualified to give multiple courses​​​​​​​​​​​​​​​​​​​​​​" classname="courseka.at.TrainerReoccurrencesSteps" time="0"/>
  <testcase name="When the trainer had &lt;holidays&gt; holidays this month​​​​​​​" classname="courseka.at.TrainerReoccurrencesSteps" time="0.015"/>
  <testcase name="And the course duration is &lt;course_duration_in_days&gt;​​​​​​​" classname="courseka.at.TrainerReoccurrencesSteps" time="0"/>
  <testcase name="And &lt;trainer&gt; gave &lt;numberOfClasses&gt; classes this month​​​​​​​​​​​​" classname="courseka.at.TrainerReoccurrencesSteps" time="0"/>
  <testcase name="Then &lt;trainer&gt; can still give &lt;numberOfClassesLeft&gt; classes this month​​​​​​​​​​​​​​​​​​​​​​" classname="courseka.at.TrainerReoccurrencesSteps" time="0.016"/>
  <testcase name="Given &lt;trainer&gt; is qualified to give multiple courses​​​​​​​​​​​​​​​​​​​​​​​" classname="courseka.at.TrainerReoccurrencesSteps" time="0"/>
  <testcase name="When the trainer had &lt;holidays&gt; holidays this month​​​​​​​​" classname="courseka.at.TrainerReoccurrencesSteps" time="0.016"/>
  <testcase name="And the course duration is &lt;course_duration_in_days&gt;​​​​​​​​" classname="courseka.at.TrainerReoccurrencesSteps" time="0"/>
  <testcase name="And &lt;trainer&gt; gave &lt;numberOfClasses&gt; classes this month​​​​​​​​​​​​​" classname="courseka.at.TrainerReoccurrencesSteps" time="0"/>
  <testcase name="Then &lt;trainer&gt; can still give &lt;numberOfClassesLeft&gt; classes this month​​​​​​​​​​​​​​​​​​​​​​​" classname="courseka.at.TrainerReoccurrencesSteps" time="0"/>
  <testcase name="Given &lt;trainer&gt; is qualified to give multiple courses​​​​​​​​​​​​​​​​​​​​​​​​" classname="courseka.at.TrainerReoccurrencesSteps" time="0"/>
  <testcase name="When the trainer had &lt;holidays&gt; holidays this month​​​​​​​​​" classname="courseka.at.TrainerReoccurrencesSteps" time="0.016"/>
  <testcase name="And the course duration is &lt;course_duration_in_days&gt;​​​​​​​​​" classname="courseka.at.TrainerReoccurrencesSteps" time="0"/>
  <testcase name="And &lt;trainer&gt; gave &lt;numberOfClasses&gt; classes this month​​​​​​​​​​​​​​" classname="courseka.at.TrainerReoccurrencesSteps" time="0"/>
  <testcase name="Then &lt;trainer&gt; can still give &lt;numberOfClassesLeft&gt; classes this month​​​​​​​​​​​​​​​​​​​​​​​​" classname="courseka.at.TrainerReoccurrencesSteps" time="0"/>
  <testcase name="Given &lt;trainer&gt; is qualified to give multiple courses​​​​​​​​​​​​​​​​​​​​​​​​​" classname="courseka.at.TrainerReoccurrencesSteps" time="0"/>
  <testcase name="When the trainer had &lt;holidays&gt; holidays this month​​​​​​​​​​" classname="courseka.at.TrainerReoccurrencesSteps" time="0.016"/>
  <testcase name="And the course duration is &lt;course_duration_in_days&gt;​​​​​​​​​​" classname="courseka.at.TrainerReoccurrencesSteps" time="0.015"/>
  <testcase name="And &lt;trainer&gt; gave &lt;numberOfClasses&gt; classes this month​​​​​​​​​​​​​​​" classname="courseka.at.TrainerReoccurrencesSteps" time="0"/>
  <testcase name="Then &lt;trainer&gt; can still give &lt;numberOfClassesLeft&gt; classes this month​​​​​​​​​​​​​​​​​​​​​​​​​" classname="courseka.at.TrainerReoccurrencesSteps" time="0.016"/>
  <testcase name="Given &lt;trainer&gt; is qualified to give multiple courses​​​​​​​​​​​​​​​​​​​​​​​​​​" classname="courseka.at.TrainerReoccurrencesSteps" time="0.016"/>
  <testcase name="When the trainer had &lt;holidays&gt; holidays this month​​​​​​​​​​​" classname="courseka.at.TrainerReoccurrencesSteps" time="0.015"/>
  <testcase name="And the course duration is &lt;course_duration_in_days&gt;​​​​​​​​​​​" classname="courseka.at.TrainerReoccurrencesSteps" time="0"/>
  <testcase name="And &lt;trainer&gt; gave &lt;numberOfClasses&gt; classes this month​​​​​​​​​​​​​​​​" classname="courseka.at.TrainerReoccurrencesSteps" time="0"/>
  <testcase name="Then &lt;trainer&gt; can still give &lt;numberOfClassesLeft&gt; classes this month​​​​​​​​​​​​​​​​​​​​​​​​​​" classname="courseka.at.TrainerReoccurrencesSteps" time="0.016"/>
  <testcase name="Given &lt;trainer&gt; is qualified to give multiple courses​​​​​​​​​​​​​​​​​​​​​​​​​​​" classname="courseka.at.TrainerReoccurrencesSteps" time="0"/>
  <testcase name="When the trainer had &lt;holidays&gt; holidays this month​​​​​​​​​​​​" classname="courseka.at.TrainerReoccurrencesSteps" time="0"/>
  <testcase name="And the course duration is &lt;course_duration_in_days&gt;​​​​​​​​​​​​" classname="courseka.at.TrainerReoccurrencesSteps" time="0"/>
  <testcase name="And &lt;trainer&gt; gave &lt;numberOfClasses&gt; classes this month​​​​​​​​​​​​​​​​​" classname="courseka.at.TrainerReoccurrencesSteps" time="0"/>
  <testcase name="Then &lt;trainer&gt; can still give &lt;numberOfClassesLeft&gt; classes this month​​​​​​​​​​​​​​​​​​​​​​​​​​​" classname="courseka.at.TrainerReoccurrencesSteps" time="0"/>
  <testcase name="Given &lt;trainer&gt; is qualified to give multiple courses​​​​​​​​​​​​​​​​​​​​​​​​​​​​" classname="courseka.at.TrainerReoccurrencesSteps" time="0"/>
  <testcase name="When the trainer had &lt;holidays&gt; holidays this month​​​​​​​​​​​​​" classname="courseka.at.TrainerReoccurrencesSteps" time="0"/>
  <testcase name="And the course duration is &lt;course_duration_in_days&gt;​​​​​​​​​​​​​" classname="courseka.at.TrainerReoccurrencesSteps" time="0"/>
  <testcase name="And &lt;trainer&gt; gave &lt;numberOfClasses&gt; classes this month​​​​​​​​​​​​​​​​​​" classname="courseka.at.TrainerReoccurrencesSteps" time="0.016"/>
  <testcase name="Then &lt;trainer&gt; can still give &lt;numberOfClassesLeft&gt; classes this month​​​​​​​​​​​​​​​​​​​​​​​​​​​​" classname="courseka.at.TrainerReoccurrencesSteps" time="0"/>
  <testcase name="Given &lt;trainer&gt; is qualified to give multiple courses​​​​​​​​​​​​​​​​​​​​​​​​​​​​​" classname="courseka.at.TrainerReoccurrencesSteps" time="0"/>
  <testcase name="When the trainer had &lt;holidays&gt; holidays this month​​​​​​​​​​​​​​" classname="courseka.at.TrainerReoccurrencesSteps" time="0.016"/>
  <testcase name="And the course duration is &lt;course_duration_in_days&gt;​​​​​​​​​​​​​​" classname="courseka.at.TrainerReoccurrencesSteps" time="0"/>
  <testcase name="And &lt;trainer&gt; gave &lt;numberOfClasses&gt; classes this month​​​​​​​​​​​​​​​​​​​" classname="courseka.at.TrainerReoccurrencesSteps" time="0"/>
  <testcase name="Then &lt;trainer&gt; can still give &lt;numberOfClassesLeft&gt; classes this month​​​​​​​​​​​​​​​​​​​​​​​​​​​​​" classname="courseka.at.TrainerReoccurrencesSteps" time="0"/>
  <testcase name="Scenario: holidays" classname="Scenario: holidays" time="0.016"/>
  <testcase name="trainer_reoccurrences.story" classname="trainer_reoccurrences.story" time="0.031"/>
  <testcase name="Given the trainings manager wants to select &lt;trainer1&gt; and &lt;trainer2&gt; for a class" classname="courseka.at.TrainerCouplesSteps" time="0"/>
  <testcase name="And &lt;numberOfTrainers&gt; qualified trainers from other projects are available" classname="courseka.at.TrainerCouplesSteps" time="0"/>
  <testcase name="When &lt;trainer1&gt; works on &lt;trainer1Project&gt;" classname="courseka.at.TrainerCouplesSteps" time="0"/>
  <testcase name="And &lt;trainer2&gt; works on &lt;trainer2Project&gt;" classname="courseka.at.TrainerCouplesSteps" time="0"/>
  <testcase name="Then these trainers are &lt;allowedStatus&gt;" classname="courseka.at.TrainerCouplesSteps" time="0.015"/>
  <testcase name="Given the trainings manager wants to select &lt;trainer1&gt; and &lt;trainer2&gt; for a class​" classname="courseka.at.TrainerCouplesSteps" time="0"/>
  <testcase name="And &lt;numberOfTrainers&gt; qualified trainers from other projects are available​" classname="courseka.at.TrainerCouplesSteps" time="0.016"/>
  <testcase name="When &lt;trainer1&gt; works on &lt;trainer1Project&gt;​" classname="courseka.at.TrainerCouplesSteps" time="0"/>
  <testcase name="And &lt;trainer2&gt; works on &lt;trainer2Project&gt;​" classname="courseka.at.TrainerCouplesSteps" time="0"/>
  <testcase name="Then these trainers are &lt;allowedStatus&gt;​" classname="courseka.at.TrainerCouplesSteps" time="0"/>
  <testcase name="Given the trainings manager wants to select &lt;trainer1&gt; and &lt;trainer2&gt; for a class​​" classname="courseka.at.TrainerCouplesSteps" time="0"/>
  <testcase name="And &lt;numberOfTrainers&gt; qualified trainers from other projects are available​​" classname="courseka.at.TrainerCouplesSteps" time="0"/>
  <testcase name="When &lt;trainer1&gt; works on &lt;trainer1Project&gt;​​" classname="courseka.at.TrainerCouplesSteps" time="0"/>
  <testcase name="And &lt;trainer2&gt; works on &lt;trainer2Project&gt;​​" classname="courseka.at.TrainerCouplesSteps" time="0"/>
  <testcase name="Then these trainers are &lt;allowedStatus&gt;​​" classname="courseka.at.TrainerCouplesSteps" time="0.015"/>
  <testcase name="Given the trainings manager wants to select &lt;trainer1&gt; and &lt;trainer2&gt; for a class​​​" classname="courseka.at.TrainerCouplesSteps" time="0"/>
  <testcase name="And &lt;numberOfTrainers&gt; qualified trainers from other projects are available​​​" classname="courseka.at.TrainerCouplesSteps" time="0"/>
  <testcase name="When &lt;trainer1&gt; works on &lt;trainer1Project&gt;​​​" classname="courseka.at.TrainerCouplesSteps" time="0.031"/>
  <testcase name="And &lt;trainer2&gt; works on &lt;trainer2Project&gt;​​​" classname="courseka.at.TrainerCouplesSteps" time="0.016"/>
  <testcase name="Then these trainers are &lt;allowedStatus&gt;​​​" classname="courseka.at.TrainerCouplesSteps" time="0"/>
  <testcase name="Scenario: many trainers are available" classname="Scenario: many trainers are available" time="0"/>
  <testcase name="Given the trainings manager wants to select &lt;trainer1&gt; and &lt;trainer2&gt; for a class​​​​" classname="courseka.at.TrainerCouplesSteps" time="0"/>
  <testcase name="And &lt;numberOfTrainers&gt; qualified trainers from other projects are available​​​​" classname="courseka.at.TrainerCouplesSteps" time="0"/>
  <testcase name="When &lt;trainer1&gt; works on &lt;trainer1Project&gt;​​​​" classname="courseka.at.TrainerCouplesSteps" time="0"/>
  <testcase name="And &lt;trainer2&gt; works on &lt;trainer2Project&gt;​​​​" classname="courseka.at.TrainerCouplesSteps" time="0"/>
  <testcase name="Then these trainers are &lt;allowedStatus&gt;​​​​" classname="courseka.at.TrainerCouplesSteps" time="0.016"/>
  <testcase name="Given the trainings manager wants to select &lt;trainer1&gt; and &lt;trainer2&gt; for a class​​​​​" classname="courseka.at.TrainerCouplesSteps" time="0.015"/>
  <testcase name="And &lt;numberOfTrainers&gt; qualified trainers from other projects are available​​​​​" classname="courseka.at.TrainerCouplesSteps" time="0"/>
  <testcase name="When &lt;trainer1&gt; works on &lt;trainer1Project&gt;​​​​​" classname="courseka.at.TrainerCouplesSteps" time="0"/>
  <testcase name="And &lt;trainer2&gt; works on &lt;trainer2Project&gt;​​​​​" classname="courseka.at.TrainerCouplesSteps" time="0"/>
  <testcase name="Then these trainers are &lt;allowedStatus&gt;​​​​​" classname="courseka.at.TrainerCouplesSteps" time="0.016"/>
  <testcase name="Scenario: only qualified trainers from the same project are available" classname="Scenario: only qualified trainers from the same project are available" time="0.016"/>
  <testcase name="trainer_couples.story" classname="trainer_couples.story" time="0.016"/>
  <testcase name="Given the trainer has a status &lt;status&gt;" classname="courseka.at.TrainerAvailabilitySteps" time="0.004"/>
  <testcase name="When many trainers are qualified to give this course" classname="courseka.at.TrainerAvailabilitySteps" time="0"/>
  <testcase name="Then the trainer availability is &lt;availability&gt;" classname="courseka.at.TrainerAvailabilitySteps" time="0.004"/>
  <testcase name="And the action should be &lt;action&gt;" classname="courseka.at.TrainerAvailabilitySteps" time="0.004"/>
  <testcase name="Given the trainer has a status &lt;status&gt;​" classname="courseka.at.TrainerAvailabilitySteps" time="0"/>
  <testcase name="When many trainers are qualified to give this course​" classname="courseka.at.TrainerAvailabilitySteps" time="0.004"/>
  <testcase name="Then the trainer availability is &lt;availability&gt;​" classname="courseka.at.TrainerAvailabilitySteps" time="0"/>
  <testcase name="And the action should be &lt;action&gt;​" classname="courseka.at.TrainerAvailabilitySteps" time="0"/>
  <testcase name="Given the trainer has a status &lt;status&gt;​​" classname="courseka.at.TrainerAvailabilitySteps" time="0.004"/>
  <testcase name="When many trainers are qualified to give this course​​" classname="courseka.at.TrainerAvailabilitySteps" time="0"/>
  <testcase name="Then the trainer availability is &lt;availability&gt;​​" classname="courseka.at.TrainerAvailabilitySteps" time="0"/>
  <testcase name="And the action should be &lt;action&gt;​​" classname="courseka.at.TrainerAvailabilitySteps" time="0.008"/>
  <testcase name="Given the trainer has a status &lt;status&gt;​​​" classname="courseka.at.TrainerAvailabilitySteps" time="0.004"/>
  <testcase name="When many trainers are qualified to give this course​​​" classname="courseka.at.TrainerAvailabilitySteps" time="0"/>
  <testcase name="Then the trainer availability is &lt;availability&gt;​​​" classname="courseka.at.TrainerAvailabilitySteps" time="0.004"/>
  <testcase name="And the action should be &lt;action&gt;​​​" classname="courseka.at.TrainerAvailabilitySteps" time="0.004"/>
  <testcase name="Scenario: &gt;= 1 day training and many trainers are qualified" classname="Scenario: &gt;= 1 day training and many trainers are qualified" time="0.01"/>
  <testcase name="Given the trainer has a status &lt;status&gt;​​​​" classname="courseka.at.TrainerAvailabilitySteps" time="0.016"/>
  <testcase name="When many trainers are qualified to give this course​​​​" classname="courseka.at.TrainerAvailabilitySteps" time="0"/>
  <testcase name="Then the trainer availability is &lt;availability&gt;​​​​" classname="courseka.at.TrainerAvailabilitySteps" time="0"/>
  <testcase name="And the action should be &lt;action&gt;​​​​" classname="courseka.at.TrainerAvailabilitySteps" time="0"/>
  <testcase name="Given the trainer has a status &lt;status&gt;​​​​​" classname="courseka.at.TrainerAvailabilitySteps" time="0"/>
  <testcase name="When many trainers are qualified to give this course​​​​​" classname="courseka.at.TrainerAvailabilitySteps" time="0"/>
  <testcase name="Then the trainer availability is &lt;availability&gt;​​​​​" classname="courseka.at.TrainerAvailabilitySteps" time="0"/>
  <testcase name="And the action should be &lt;action&gt;​​​​​" classname="courseka.at.TrainerAvailabilitySteps" time="0"/>
  <testcase name="Given the trainer has a status &lt;status&gt;​​​​​​" classname="courseka.at.TrainerAvailabilitySteps" time="0.016"/>
  <testcase name="When many trainers are qualified to give this course​​​​​​" classname="courseka.at.TrainerAvailabilitySteps" time="0"/>
  <testcase name="Then the trainer availability is &lt;availability&gt;​​​​​​" classname="courseka.at.TrainerAvailabilitySteps" time="0"/>
  <testcase name="And the action should be &lt;action&gt;​​​​​​" classname="courseka.at.TrainerAvailabilitySteps" time="0"/>
  <testcase name="Given the trainer has a status &lt;status&gt;​​​​​​​" classname="courseka.at.TrainerAvailabilitySteps" time="0"/>
  <testcase name="When many trainers are qualified to give this course​​​​​​​" classname="courseka.at.TrainerAvailabilitySteps" time="0"/>
  <testcase name="Then the trainer availability is &lt;availability&gt;​​​​​​​" classname="courseka.at.TrainerAvailabilitySteps" time="0.016"/>
  <testcase name="And the action should be &lt;action&gt;​​​​​​​" classname="courseka.at.TrainerAvailabilitySteps" time="0"/>
  <testcase name="Scenario: &lt;= 0.5 day training and many trainers are qualified" classname="Scenario: &lt;= 0.5 day training and many trainers are qualified" time="0"/>
  <testcase name="Given the trainer has a status &lt;status&gt;​​​​​​​​" classname="courseka.at.TrainerAvailabilitySteps" time="0"/>
  <testcase name="And only two trainers are qualified to give this course" classname="courseka.at.TrainerAvailabilitySteps" time="0"/>
  <testcase name="And the trainer availability is &lt;availability&gt;" classname="courseka.at.TrainerAvailabilitySteps" time="0"/>
  <testcase name="When the action is &lt;action&gt;" classname="courseka.at.TrainerAvailabilitySteps" time="0.016"/>
  <testcase name="And the trainer response is &lt;response&gt;" classname="courseka.at.TrainerAvailabilitySteps" time="0"/>
  <testcase name="Then the new action is &lt;new_action&gt;" classname="courseka.at.TrainerAvailabilitySteps" time="0"/>
  <testcase name="Given the trainer has a status &lt;status&gt;​​​​​​​​​" classname="courseka.at.TrainerAvailabilitySteps" time="0"/>
  <testcase name="And only two trainers are qualified to give this course​" classname="courseka.at.TrainerAvailabilitySteps" time="0.016"/>
  <testcase name="And the trainer availability is &lt;availability&gt;​" classname="courseka.at.TrainerAvailabilitySteps" time="0"/>
  <testcase name="When the action is &lt;action&gt;​" classname="courseka.at.TrainerAvailabilitySteps" time="0"/>
  <testcase name="And the trainer response is &lt;response&gt;​" classname="courseka.at.TrainerAvailabilitySteps" time="0"/>
  <testcase name="Then the new action is &lt;new_action&gt;​" classname="courseka.at.TrainerAvailabilitySteps" time="0"/>
  <testcase name="Given the trainer has a status &lt;status&gt;​​​​​​​​​​" classname="courseka.at.TrainerAvailabilitySteps" time="0"/>
  <testcase name="And only two trainers are qualified to give this course​​" classname="courseka.at.TrainerAvailabilitySteps" time="0"/>
  <testcase name="And the trainer availability is &lt;availability&gt;​​" classname="courseka.at.TrainerAvailabilitySteps" time="0"/>
  <testcase name="When the action is &lt;action&gt;​​" classname="courseka.at.TrainerAvailabilitySteps" time="0"/>
  <testcase name="And the trainer response is &lt;response&gt;​​" classname="courseka.at.TrainerAvailabilitySteps" time="0"/>
  <testcase name="Then the new action is &lt;new_action&gt;​​" classname="courseka.at.TrainerAvailabilitySteps" time="0"/>
  <testcase name="Given the trainer has a status &lt;status&gt;​​​​​​​​​​​" classname="courseka.at.TrainerAvailabilitySteps" time="0"/>
  <testcase name="And only two trainers are qualified to give this course​​​" classname="courseka.at.TrainerAvailabilitySteps" time="0"/>
  <testcase name="And the trainer availability is &lt;availability&gt;​​​" classname="courseka.at.TrainerAvailabilitySteps" time="0"/>
  <testcase name="When the action is &lt;action&gt;​​​" classname="courseka.at.TrainerAvailabilitySteps" time="0"/>
  <testcase name="And the trainer response is &lt;response&gt;​​​" classname="courseka.at.TrainerAvailabilitySteps" time="0"/>
  <testcase name="Then the new action is &lt;new_action&gt;​​​" classname="courseka.at.TrainerAvailabilitySteps" time="0"/>
  <testcase name="Given the trainer has a status &lt;status&gt;​​​​​​​​​​​​" classname="courseka.at.TrainerAvailabilitySteps" time="0"/>
  <testcase name="And only two trainers are qualified to give this course​​​​" classname="courseka.at.TrainerAvailabilitySteps" time="0"/>
  <testcase name="And the trainer availability is &lt;availability&gt;​​​​" classname="courseka.at.TrainerAvailabilitySteps" time="0"/>
  <testcase name="When the action is &lt;action&gt;​​​​" classname="courseka.at.TrainerAvailabilitySteps" time="0"/>
  <testcase name="And the trainer response is &lt;response&gt;​​​​" classname="courseka.at.TrainerAvailabilitySteps" time="0"/>
  <testcase name="Then the new action is &lt;new_action&gt;​​​​" classname="courseka.at.TrainerAvailabilitySteps" time="0"/>
  <testcase name="Given the trainer has a status &lt;status&gt;​​​​​​​​​​​​​" classname="courseka.at.TrainerAvailabilitySteps" time="0"/>
  <testcase name="And only two trainers are qualified to give this course​​​​​" classname="courseka.at.TrainerAvailabilitySteps" time="0"/>
  <testcase name="And the trainer availability is &lt;availability&gt;​​​​​" classname="courseka.at.TrainerAvailabilitySteps" time="0.016"/>
  <testcase name="When the action is &lt;action&gt;​​​​​" classname="courseka.at.TrainerAvailabilitySteps" time="0.015"/>
  <testcase name="And the trainer response is &lt;response&gt;​​​​​" classname="courseka.at.TrainerAvailabilitySteps" time="0"/>
  <testcase name="Then the new action is &lt;new_action&gt;​​​​​" classname="courseka.at.TrainerAvailabilitySteps" time="0"/>
  <testcase name="Given the trainer has a status &lt;status&gt;​​​​​​​​​​​​​​" classname="courseka.at.TrainerAvailabilitySteps" time="0"/>
  <testcase name="And only two trainers are qualified to give this course​​​​​​" classname="courseka.at.TrainerAvailabilitySteps" time="0"/>
  <testcase name="And the trainer availability is &lt;availability&gt;​​​​​​" classname="courseka.at.TrainerAvailabilitySteps" time="0"/>
  <testcase name="When the action is &lt;action&gt;​​​​​​" classname="courseka.at.TrainerAvailabilitySteps" time="0.016"/>
  <testcase name="And the trainer response is &lt;response&gt;​​​​​​" classname="courseka.at.TrainerAvailabilitySteps" time="0"/>
  <testcase name="Then the new action is &lt;new_action&gt;​​​​​​" classname="courseka.at.TrainerAvailabilitySteps" time="0"/>
  <testcase name="Given the trainer has a status &lt;status&gt;​​​​​​​​​​​​​​​" classname="courseka.at.TrainerAvailabilitySteps" time="0"/>
  <testcase name="And only two trainers are qualified to give this course​​​​​​​" classname="courseka.at.TrainerAvailabilitySteps" time="0"/>
  <testcase name="And the trainer availability is &lt;availability&gt;​​​​​​​" classname="courseka.at.TrainerAvailabilitySteps" time="0"/>
  <testcase name="When the action is &lt;action&gt;​​​​​​​" classname="courseka.at.TrainerAvailabilitySteps" time="0"/>
  <testcase name="And the trainer response is &lt;response&gt;​​​​​​​" classname="courseka.at.TrainerAvailabilitySteps" time="0"/>
  <testcase name="Then the new action is &lt;new_action&gt;​​​​​​​" classname="courseka.at.TrainerAvailabilitySteps" time="0"/>
  <testcase name="Scenario: &gt;= 1 day training and only two trainers are qualified" classname="Scenario: &gt;= 1 day training and only two trainers are qualified" time="0.008"/>
  <testcase name="Given the trainer has a status &lt;status&gt;​​​​​​​​​​​​​​​​" classname="courseka.at.TrainerAvailabilitySteps" time="0.004"/>
  <testcase name="And only two trainers are qualified to give this course​​​​​​​​" classname="courseka.at.TrainerAvailabilitySteps" time="0"/>
  <testcase name="And the trainer availability is &lt;availability&gt;​​​​​​​​" classname="courseka.at.TrainerAvailabilitySteps" time="0"/>
  <testcase name="When the answer to is the trainer available on another moment this day is &lt;available_on_another_moment_this_day&gt;" classname="courseka.at.TrainerAvailabilitySteps" time="0.004"/>
  <testcase name="And the action is &lt;action&gt;" classname="courseka.at.TrainerAvailabilitySteps" time="0"/>
  <testcase name="And the trainer response is &lt;response&gt;​​​​​​​​" classname="courseka.at.TrainerAvailabilitySteps" time="0.005"/>
  <testcase name="Then the new action is &lt;new_action&gt;​​​​​​​​" classname="courseka.at.TrainerAvailabilitySteps" time="0"/>
  <testcase name="Given the trainer has a status &lt;status&gt;​​​​​​​​​​​​​​​​​" classname="courseka.at.TrainerAvailabilitySteps" time="0"/>
  <testcase name="And only two trainers are qualified to give this course​​​​​​​​​" classname="courseka.at.TrainerAvailabilitySteps" time="0"/>
  <testcase name="And the trainer availability is &lt;availability&gt;​​​​​​​​​" classname="courseka.at.TrainerAvailabilitySteps" time="0"/>
  <testcase name="When the answer to is the trainer available on another moment this day is &lt;available_on_another_moment_this_day&gt;​" classname="courseka.at.TrainerAvailabilitySteps" time="0"/>
  <testcase name="And the action is &lt;action&gt;​" classname="courseka.at.TrainerAvailabilitySteps" time="0"/>
  <testcase name="And the trainer response is &lt;response&gt;​​​​​​​​​" classname="courseka.at.TrainerAvailabilitySteps" time="0"/>
  <testcase name="Then the new action is &lt;new_action&gt;​​​​​​​​​" classname="courseka.at.TrainerAvailabilitySteps" time="0"/>
  <testcase name="Given the trainer has a status &lt;status&gt;​​​​​​​​​​​​​​​​​​" classname="courseka.at.TrainerAvailabilitySteps" time="0"/>
  <testcase name="And only two trainers are qualified to give this course​​​​​​​​​​" classname="courseka.at.TrainerAvailabilitySteps" time="0"/>
  <testcase name="And the trainer availability is &lt;availability&gt;​​​​​​​​​​" classname="courseka.at.TrainerAvailabilitySteps" time="0"/>
  <testcase name="When the answer to is the trainer available on another moment this day is &lt;available_on_another_moment_this_day&gt;​​" classname="courseka.at.TrainerAvailabilitySteps" time="0"/>
  <testcase name="And the action is &lt;action&gt;​​" classname="courseka.at.TrainerAvailabilitySteps" time="0"/>
  <testcase name="And the trainer response is &lt;response&gt;​​​​​​​​​​" classname="courseka.at.TrainerAvailabilitySteps" time="0"/>
  <testcase name="Then the new action is &lt;new_action&gt;​​​​​​​​​​" classname="courseka.at.TrainerAvailabilitySteps" time="0"/>
  <testcase name="Given the trainer has a status &lt;status&gt;​​​​​​​​​​​​​​​​​​​" classname="courseka.at.TrainerAvailabilitySteps" time="0"/>
  <testcase name="And only two trainers are qualified to give this course​​​​​​​​​​​" classname="courseka.at.TrainerAvailabilitySteps" time="0"/>
  <testcase name="And the trainer availability is &lt;availability&gt;​​​​​​​​​​​" classname="courseka.at.TrainerAvailabilitySteps" time="0"/>
  <testcase name="When the answer to is the trainer available on another moment this day is &lt;available_on_another_moment_this_day&gt;​​​" classname="courseka.at.TrainerAvailabilitySteps" time="0"/>
  <testcase name="And the action is &lt;action&gt;​​​" classname="courseka.at.TrainerAvailabilitySteps" time="0.016"/>
  <testcase name="And the trainer response is &lt;response&gt;​​​​​​​​​​​" classname="courseka.at.TrainerAvailabilitySteps" time="0"/>
  <testcase name="Then the new action is &lt;new_action&gt;​​​​​​​​​​​" classname="courseka.at.TrainerAvailabilitySteps" time="0"/>
  <testcase name="Given the trainer has a status &lt;status&gt;​​​​​​​​​​​​​​​​​​​​" classname="courseka.at.TrainerAvailabilitySteps" time="0"/>
  <testcase name="And only two trainers are qualified to give this course​​​​​​​​​​​​" classname="courseka.at.TrainerAvailabilitySteps" time="0"/>
  <testcase name="And the trainer availability is &lt;availability&gt;​​​​​​​​​​​​" classname="courseka.at.TrainerAvailabilitySteps" time="0"/>
  <testcase name="When the answer to is the trainer available on another moment this day is &lt;available_on_another_moment_this_day&gt;​​​​" classname="courseka.at.TrainerAvailabilitySteps" time="0"/>
  <testcase name="And the action is &lt;action&gt;​​​​" classname="courseka.at.TrainerAvailabilitySteps" time="0"/>
  <testcase name="And the trainer response is &lt;response&gt;​​​​​​​​​​​​" classname="courseka.at.TrainerAvailabilitySteps" time="0"/>
  <testcase name="Then the new action is &lt;new_action&gt;​​​​​​​​​​​​" classname="courseka.at.TrainerAvailabilitySteps" time="0.016"/>
  <testcase name="Given the trainer has a status &lt;status&gt;​​​​​​​​​​​​​​​​​​​​​" classname="courseka.at.TrainerAvailabilitySteps" time="0"/>
  <testcase name="And only two trainers are qualified to give this course​​​​​​​​​​​​​" classname="courseka.at.TrainerAvailabilitySteps" time="0"/>
  <testcase name="And the trainer availability is &lt;availability&gt;​​​​​​​​​​​​​" classname="courseka.at.TrainerAvailabilitySteps" time="0"/>
  <testcase name="When the answer to is the trainer available on another moment this day is &lt;available_on_another_moment_this_day&gt;​​​​​" classname="courseka.at.TrainerAvailabilitySteps" time="0"/>
  <testcase name="And the action is &lt;action&gt;​​​​​" classname="courseka.at.TrainerAvailabilitySteps" time="0"/>
  <testcase name="And the trainer response is &lt;response&gt;​​​​​​​​​​​​​" classname="courseka.at.TrainerAvailabilitySteps" time="0"/>
  <testcase name="Then the new action is &lt;new_action&gt;​​​​​​​​​​​​​" classname="courseka.at.TrainerAvailabilitySteps" time="0"/>
  <testcase name="Given the trainer has a status &lt;status&gt;​​​​​​​​​​​​​​​​​​​​​​" classname="courseka.at.TrainerAvailabilitySteps" time="0"/>
  <testcase name="And only two trainers are qualified to give this course​​​​​​​​​​​​​​" classname="courseka.at.TrainerAvailabilitySteps" time="0"/>
  <testcase name="And the trainer availability is &lt;availability&gt;​​​​​​​​​​​​​​" classname="courseka.at.TrainerAvailabilitySteps" time="0"/>
  <testcase name="When the answer to is the trainer available on another moment this day is &lt;available_on_another_moment_this_day&gt;​​​​​​" classname="courseka.at.TrainerAvailabilitySteps" time="0"/>
  <testcase name="And the action is &lt;action&gt;​​​​​​" classname="courseka.at.TrainerAvailabilitySteps" time="0"/>
  <testcase name="And the trainer response is &lt;response&gt;​​​​​​​​​​​​​​" classname="courseka.at.TrainerAvailabilitySteps" time="0"/>
  <testcase name="Then the new action is &lt;new_action&gt;​​​​​​​​​​​​​​" classname="courseka.at.TrainerAvailabilitySteps" time="0.016"/>
  <testcase name="Given the trainer has a status &lt;status&gt;​​​​​​​​​​​​​​​​​​​​​​​" classname="courseka.at.TrainerAvailabilitySteps" time="0"/>
  <testcase name="And only two trainers are qualified to give this course​​​​​​​​​​​​​​​" classname="courseka.at.TrainerAvailabilitySteps" time="0"/>
  <testcase name="And the trainer availability is &lt;availability&gt;​​​​​​​​​​​​​​​" classname="courseka.at.TrainerAvailabilitySteps" time="0"/>
  <testcase name="When the answer to is the trainer available on another moment this day is &lt;available_on_another_moment_this_day&gt;​​​​​​​" classname="courseka.at.TrainerAvailabilitySteps" time="0"/>
  <testcase name="And the action is &lt;action&gt;​​​​​​​" classname="courseka.at.TrainerAvailabilitySteps" time="0"/>
  <testcase name="And the trainer response is &lt;response&gt;​​​​​​​​​​​​​​​" classname="courseka.at.TrainerAvailabilitySteps" time="0"/>
  <testcase name="Then the new action is &lt;new_action&gt;​​​​​​​​​​​​​​​" classname="courseka.at.TrainerAvailabilitySteps" time="0.015"/>
  <testcase name="Scenario: &lt;= 0.5 day training and only two trainers are qualified" classname="Scenario: &lt;= 0.5 day training and only two trainers are qualified" time="0.015"/>
  <testcase name="trainer_availability.story" classname="trainer_availability.story" time="0.031"/>
  <testcase name="Given &lt;trainer&gt; gave &lt;course&gt; &lt;times_given&gt; times" classname="courseka.at.TrainerExperienceSteps" time="0"/>
  <testcase name="Then the experience level for this course is &lt;experience_level&gt;" classname="courseka.at.TrainerExperienceSteps" time="0.016"/>
  <testcase name="Given &lt;trainer&gt; gave &lt;course&gt; &lt;times_given&gt; times​" classname="courseka.at.TrainerExperienceSteps" time="0"/>
  <testcase name="Then the experience level for this course is &lt;experience_level&gt;​" classname="courseka.at.TrainerExperienceSteps" time="0"/>
  <testcase name="Given &lt;trainer&gt; gave &lt;course&gt; &lt;times_given&gt; times​​" classname="courseka.at.TrainerExperienceSteps" time="0"/>
  <testcase name="Then the experience level for this course is &lt;experience_level&gt;​​" classname="courseka.at.TrainerExperienceSteps" time="0"/>
  <testcase name="Given &lt;trainer&gt; gave &lt;course&gt; &lt;times_given&gt; times​​​" classname="courseka.at.TrainerExperienceSteps" time="0"/>
  <testcase name="Then the experience level for this course is &lt;experience_level&gt;​​​" classname="courseka.at.TrainerExperienceSteps" time="0"/>
  <testcase name="Scenario: a trainer gives multiple courses" classname="Scenario: a trainer gives multiple courses" time="0.015"/>
  <testcase name="Given &lt;trainer&gt; gave &lt;course&gt; &lt;times_given&gt; times​​​​" classname="courseka.at.TrainerExperienceSteps" time="0"/>
  <testcase name="Then the experience level for this course is &lt;experience_level&gt;​​​​" classname="courseka.at.TrainerExperienceSteps" time="0"/>
  <testcase name="Given &lt;trainer&gt; gave &lt;course&gt; &lt;times_given&gt; times​​​​​" classname="courseka.at.TrainerExperienceSteps" time="0"/>
  <testcase name="Then the experience level for this course is &lt;experience_level&gt;​​​​​" classname="courseka.at.TrainerExperienceSteps" time="0"/>
  <testcase name="Scenario: a trainer gives only 2 courses" classname="Scenario: a trainer gives only 2 courses" time="0"/>
  <testcase name="Given &lt;trainer&gt; gave &lt;course&gt; &lt;times_given&gt; times​​​​​​" classname="courseka.at.TrainerExperienceSteps" time="0"/>
  <testcase name="And the experience level for this course is &lt;experience_level&gt;" classname="courseka.at.TrainerExperienceSteps" time="0"/>
  <testcase name="When &lt;reeducation&gt;" classname="courseka.at.TrainerExperienceSteps" time="0"/>
  <testcase name="Then the new experience level before the re-education is &lt;experience_level_before_reeducation&gt;" classname="courseka.at.TrainerExperienceSteps" time="0.015"/>
  <testcase name="Given &lt;trainer&gt; gave &lt;course&gt; &lt;times_given&gt; times​​​​​​​" classname="courseka.at.TrainerExperienceSteps" time="0"/>
  <testcase name="And the experience level for this course is &lt;experience_level&gt;​" classname="courseka.at.TrainerExperienceSteps" time="0"/>
  <testcase name="When &lt;reeducation&gt;​" classname="courseka.at.TrainerExperienceSteps" time="0"/>
  <testcase name="Then the new experience level before the re-education is &lt;experience_level_before_reeducation&gt;​" classname="courseka.at.TrainerExperienceSteps" time="0"/>
  <testcase name="Given &lt;trainer&gt; gave &lt;course&gt; &lt;times_given&gt; times​​​​​​​​" classname="courseka.at.TrainerExperienceSteps" time="0"/>
  <testcase name="And the experience level for this course is &lt;experience_level&gt;​​" classname="courseka.at.TrainerExperienceSteps" time="0.003"/>
  <testcase name="When &lt;reeducation&gt;​​" classname="courseka.at.TrainerExperienceSteps" time="0"/>
  <testcase name="Then the new experience level before the re-education is &lt;experience_level_before_reeducation&gt;​​" classname="courseka.at.TrainerExperienceSteps" time="0.004"/>
  <testcase name="Scenario: re-education is needed" classname="Scenario: re-education is needed" time="0.008"/>
  <testcase name="trainer_experience.story" classname="trainer_experience.story" time="0.04"/>
  <testcase name="AfterStories" classname="java.lang.Object" time="0.015"/>
</testsuite>